📊 開始 EOD 處理...
✅ 進入目錄: /storage/emulated/0/bursasearch/myx_shop
📥 處理 Bursa EOD CSV...
⚠️ 找不到 Bursa CSV 文件
📥 處理 SGX EOD DAT...
⚠️ 找不到 SGX DAT 文件
📋 同步文件到 docs/ 目錄...
✅ 複製 HTML 到 docs/web/
✅ 複製 HTML 到 docs/
✅ 複製 picks_latest.json
✅ 複製 date_config.js
✅ 複製 Bursa 歷史數據
✅ 複製 sgx_date_config.js
✅ 複製 JS 文件
📦 Git 操作...
[master 6f08c5f] 每日EOD更新 - 20260304
 2 files changed, 1375 insertions(+), 1 deletion(-)
 create mode 100644 docs/web/bursa.html.bak
To https://github.com/bursasearch/myx_shop.git
   3f1dd7e..6f08c5f  master -> master
✅ 推送完成
🧹 清理暫存文件...
📊 生成報告...
✅ 報告已生成
📊 開始 EOD 處理...
✅ 進入目錄: /storage/emulated/0/bursasearch/myx_shop
📥 處理 Bursa EOD CSV...
⚠️ 找不到 Bursa CSV 文件
📥 處理 SGX EOD DAT...
⚠️ 找不到 SGX DAT 文件
📋 同步文件到 docs/ 目錄...
✅ 複製 HTML 到 docs/web/
✅ 複製 HTML 到 docs/
✅ 複製 picks_latest.json
✅ 複製 date_config.js
✅ 複製 Bursa 歷史數據
✅ 複製 sgx_date_config.js
✅ 複製 JS 文件
📦 Git 操作...
ℹ️ 沒有新的變更
🧹 清理暫存文件...
📊 生成報告...
✅ 報告已生成
📊 開始 EOD 處理...
✅ 進入目錄: /storage/emulated/0/bursasearch/myx_shop
📥 處理 Bursa EOD CSV...
⚠️ 找不到 Bursa CSV 文件
📥 處理 SGX EOD DAT...
⚠️ 找不到 SGX DAT 文件
📋 同步文件到 docs/ 目錄...
✅ 複製 HTML 到 docs/web/
✅ 複製 HTML 到 docs/
✅ 複製 picks_latest.json
✅ 複製 date_config.js
✅ 複製 Bursa 歷史數據
✅ 複製 sgx_date_config.js
✅ 複製 JS 文件
📦 Git 操作...
ℹ️ 沒有新的變更
🧹 清理暫存文件...
📊 生成報告...
✅ 報告已生成
📊 開始 EOD 處理...
✅ 進入目錄: /storage/emulated/0/bursasearch/myx_shop
📥 處理 Bursa EOD CSV...
⚠️ 找不到 Bursa CSV 文件
📥 處理 SGX EOD DAT...
⚠️ 找不到 SGX DAT 文件
📋 同步文件到 docs/ 目錄...
✅ 複製 HTML 到 docs/web/
✅ 複製 HTML 到 docs/
✅ 複製 picks_latest.json
✅ 複製 date_config.js
✅ 複製 Bursa 歷史數據
✅ 複製 sgx_date_config.js
✅ 複製 JS 文件
📦 Git 操作...
[master f62d541] 每日EOD更新 - 20260304
 1 file changed, 1 insertion(+), 1 deletion(-)
To https://github.com/bursasearch/myx_shop.git
   6f08c5f..f62d541  master -> master
✅ 推送完成
🧹 清理暫存文件...
📊 生成報告...
✅ 報告已生成
📊 開始 EOD 處理...
✅ 進入目錄: /storage/emulated/0/bursasearch/myx_shop
📥 處理 Bursa EOD CSV...
⚠️ 找不到 Bursa CSV 文件
📥 處理 SGX EOD DAT...
⚠️ 找不到 SGX DAT 文件
📋 同步文件到 docs/ 目錄...
✅ 複製 HTML 到 docs/web/
✅ 複製 HTML 到 docs/
✅ 複製 picks_latest.json
✅ 複製 date_config.js
✅ 複製 Bursa 歷史數據
✅ 複製 sgx_date_config.js
✅ 複製 JS 文件
📦 Git 操作...
ℹ️ 沒有新的變更
🧹 清理暫存文件...
📊 生成報告...
✅ 報告已生成
📊 開始 EOD 處理...
✅ 進入目錄: /storage/emulated/0/bursasearch/myx_shop
📥 處理 Bursa EOD CSV...
⚠️ 找不到 Bursa CSV 文件
📥 處理 SGX EOD DAT...
⚠️ 找不到 SGX DAT 文件
📋 同步文件到 docs/ 目錄...
✅ 複製 HTML 到 docs/web/
✅ 複製 HTML 到 docs/
✅ 複製 picks_latest.json
✅ 複製 date_config.js
✅ 複製 Bursa 歷史數據
✅ 複製 sgx_date_config.js
✅ 複製 JS 文件
📦 Git 操作...
[master 2009341] 每日EOD更新 - 20260304
 5 files changed, 593 insertions(+), 11 deletions(-)
 create mode 100644 docs/web/history/picks_20260304.json
 create mode 100644 web/history/picks_20260304.json
To https://github.com/bursasearch/myx_shop.git
   c647467..2009341  master -> master
✅ 推送完成
🧹 清理暫存文件...
📊 生成報告...
✅ 報告已生成
📊 開始 EOD 處理...
✅ 進入目錄: /storage/emulated/0/bursasearch/myx_shop
📥 處理 Bursa EOD CSV...
⚠️ 找不到 Bursa CSV 文件
📥 處理 SGX EOD DAT...
⚠️ 找不到 SGX DAT 文件
📋 同步文件到 docs/ 目錄...
✅ 複製 HTML 到 docs/web/
✅ 複製 HTML 到 docs/
✅ 複製 picks_latest.json
✅ 複製 date_config.js
✅ 複製 Bursa 歷史數據
✅ 複製 sgx_date_config.js
✅ 複製 JS 文件
📦 Git 操作...
ℹ️ 沒有新的變更
🧹 清理暫存文件...
📊 生成報告...
✅ 報告已生成
